# JRE version: Java(TM) SE Runtime Environment (8.0_181-b13) (build 1.8.0_181-b13)
# Java VM: Java HotSpot(TM) 64-Bit Server VM (25.181-b13 mixed mode linux-amd64 compressed oops)
Heap:
 PSYoungGen      total 25600K, used 13873K [0x00000000ebd00000, 0x00000000edf00000, 0x0000000100000000)
  eden space 19456K, 45% used [0x00000000ebd00000,0x00000000ec5bc4e0,0x00000000ed000000)
  from space 6144K, 80% used [0x00000000ed900000,0x00000000eddd0028,0x00000000edf00000)
  to   space 7680K, 0% used [0x00000000ed000000,0x00000000ed000000,0x00000000ed780000)
 ParOldGen       total 45056K, used 13747K [0x00000000c3600000, 0x00000000c6200000, 0x00000000ebd00000)
  object space 45056K, 30% used [0x00000000c3600000,0x00000000c436cec8,0x00000000c6200000)
 Metaspace       used 32239K, capacity 34216K, committed 34560K, reserved 1079296K
  class space    used 4410K, capacity 4998K, committed 5120K, reserved 1048576K
GC Heap History (10 events):
Event: 2.442 GC heap before
{Heap before GC invocations=3 (full 0):
 PSYoungGen      total 18432K, used 17076K [0x00000000ebd00000, 0x00000000ee100000, 0x0000000100000000)
  eden space 15872K, 91% used [0x00000000ebd00000,0x00000000ecb33c68,0x00000000ecc80000)
  from space 2560K, 98% used [0x00000000ecf00000,0x00000000ed179560,0x00000000ed180000)
  to   space 2560K, 0% used [0x00000000ecc80000,0x00000000ecc80000,0x00000000ecf00000)
 ParOldGen       total 42496K, used 3992K [0x00000000c3600000, 0x00000000c5f80000, 0x00000000ebd00000)
  object space 42496K, 9% used [0x00000000c3600000,0x00000000c39e6060,0x00000000c5f80000)
 Metaspace       used 20559K, capacity 21256K, committed 21296K, reserved 1067008K
  class space    used 2713K, capacity 2929K, committed 2944K, reserved 1048576K
Event: 2.451 GC heap after
Heap after GC invocations=3 (full 0):
 PSYoungGen      total 18432K, used 2528K [0x00000000ebd00000, 0x00000000ed180000, 0x0000000100000000)
  eden space 15872K, 0% used [0x00000000ebd00000,0x00000000ebd00000,0x00000000ecc80000)
  from space 2560K, 98% used [0x00000000ecc80000,0x00000000ecef8060,0x00000000ecf00000)
  to   space 2560K, 0% used [0x00000000ecf00000,0x00000000ecf00000,0x00000000ed180000)
 ParOldGen       total 42496K, used 8463K [0x00000000c3600000, 0x00000000c5f80000, 0x00000000ebd00000)
  object space 42496K, 19% used [0x00000000c3600000,0x00000000c3e43ce0,0x00000000c5f80000)
 Metaspace       used 20559K, capacity 21256K, committed 21296K, reserved 1067008K
  class space    used 2713K, capacity 2929K, committed 2944K, reserved 1048576K
}
Event: 2.451 GC heap before
{Heap before GC invocations=4 (full 1):
 PSYoungGen      total 18432K, used 2528K [0x00000000ebd00000, 0x00000000ed180000, 0x0000000100000000)
  eden space 15872K, 0% used [0x00000000ebd00000,0x00000000ebd00000,0x00000000ecc80000)
  from space 2560K, 98% used [0x00000000ecc80000,0x00000000ecef8060,0x00000000ecf00000)
  to   space 2560K, 0% used [0x00000000ecf00000,0x00000000ecf00000,0x00000000ed180000)
 ParOldGen       total 42496K, used 8463K [0x00000000c3600000, 0x00000000c5f80000, 0x00000000ebd00000)
  object space 42496K, 19% used [0x00000000c3600000,0x00000000c3e43ce0,0x00000000c5f80000)
 Metaspace       used 20559K, capacity 21256K, committed 21296K, reserved 1067008K
  class space    used 2713K, capacity 2929K, committed 2944K, reserved 1048576K
Event: 2.525 GC heap after
Heap after GC invocations=4 (full 1):
 PSYoungGen      total 18432K, used 0K [0x00000000ebd00000, 0x00000000ed180000, 0x0000000100000000)
  eden space 15872K, 0% used [0x00000000ebd00000,0x00000000ebd00000,0x00000000ecc80000)
  from space 2560K, 0% used [0x00000000ecc80000,0x00000000ecc80000,0x00000000ecf00000)
  to   space 2560K, 0% used [0x00000000ecf00000,0x00000000ecf00000,0x00000000ed180000)
 ParOldGen       total 45056K, used 10518K [0x00000000c3600000, 0x00000000c6200000, 0x00000000ebd00000)
  object space 45056K, 23% used [0x00000000c3600000,0x00000000c4045878,0x00000000c6200000)
 Metaspace       used 20559K, capacity 21256K, committed 21296K, reserved 1067008K
  class space    used 2713K, capacity 2929K, committed 2944K, reserved 1048576K
}
Event: 3.894 GC heap before
{Heap before GC invocations=5 (full 1):
 PSYoungGen      total 18432K, used 15872K [0x00000000ebd00000, 0x00000000ed180000, 0x0000000100000000)
  eden space 15872K, 100% used [0x00000000ebd00000,0x00000000ecc80000,0x00000000ecc80000)
  from space 2560K, 0% used [0x00000000ecc80000,0x00000000ecc80000,0x00000000ecf00000)
  to   space 2560K, 0% used [0x00000000ecf00000,0x00000000ecf00000,0x00000000ed180000)
 ParOldGen       total 45056K, used 10518K [0x00000000c3600000, 0x00000000c6200000, 0x00000000ebd00000)
  object space 45056K, 23% used [0x00000000c3600000,0x00000000c4045878,0x00000000c6200000)
 Metaspace       used 25548K, capacity 26548K, committed 26880K, reserved 1073152K
  class space    used 3404K, capacity 3772K, committed 3840K, reserved 1048576K
Event: 3.901 GC heap after
Heap after GC invocations=5 (full 1):
 PSYoungGen      total 18432K, used 2551K [0x00000000ebd00000, 0x00000000ed500000, 0x0000000100000000)
  eden space 15872K, 0% used [0x00000000ebd00000,0x00000000ebd00000,0x00000000ecc80000)
  from space 2560K, 99% used [0x00000000ecf00000,0x00000000ed17df08,0x00000000ed180000)
  to   space 2560K, 0% used [0x00000000ecc80000,0x00000000ecc80000,0x00000000ecf00000)
 ParOldGen       total 45056K, used 11595K [0x00000000c3600000, 0x00000000c6200000, 0x00000000ebd00000)
  object space 45056K, 25% used [0x00000000c3600000,0x00000000c4152db8,0x00000000c6200000)
 Metaspace       used 25548K, capacity 26548K, committed 26880K, reserved 1073152K
  class space    used 3404K, capacity 3772K, committed 3840K, reserved 1048576K
}
Event: 4.530 GC heap before
{Heap before GC invocations=6 (full 1):
 PSYoungGen      total 18432K, used 18423K [0x00000000ebd00000, 0x00000000ed500000, 0x0000000100000000)
  eden space 15872K, 100% used [0x00000000ebd00000,0x00000000ecc80000,0x00000000ecc80000)
  from space 2560K, 99% used [0x00000000ecf00000,0x00000000ed17df08,0x00000000ed180000)
  to   space 2560K, 0% used [0x00000000ecc80000,0x00000000ecc80000,0x00000000ecf00000)
 ParOldGen       total 45056K, used 11595K [0x00000000c3600000, 0x00000000c6200000, 0x00000000ebd00000)
  object space 45056K, 25% used [0x00000000c3600000,0x00000000c4152db8,0x00000000c6200000)
 Metaspace       used 28574K, capacity 30164K, committed 30336K, reserved 1075200K
  class space    used 4010K, capacity 4430K, committed 4480K, reserved 1048576K
Event: 4.540 GC heap after
Heap after GC invocations=6 (full 1):
 PSYoungGen      total 18432K, used 2560K [0x00000000ebd00000, 0x00000000ee100000, 0x0000000100000000)
  eden space 15872K, 0% used [0x00000000ebd00000,0x00000000ebd00000,0x00000000ecc80000)
  from space 2560K, 100% used [0x00000000ecc80000,0x00000000ecf00000,0x00000000ecf00000)
  to   space 8192K, 0% used [0x00000000ed900000,0x00000000ed900000,0x00000000ee100000)
 ParOldGen       total 45056K, used 13739K [0x00000000c3600000, 0x00000000c6200000, 0x00000000ebd00000)
  object space 45056K, 30% used [0x00000000c3600000,0x00000000c436aec8,0x00000000c6200000)
 Metaspace       used 28574K, capacity 30164K, committed 30336K, reserved 1075200K
  class space    used 4010K, capacity 4430K, committed 4480K, reserved 1048576K
}
Event: 15.243 GC heap before
{Heap before GC invocations=7 (full 1):
 PSYoungGen      total 18432K, used 18432K [0x00000000ebd00000, 0x00000000ee100000, 0x0000000100000000)
  eden space 15872K, 100% used [0x00000000ebd00000,0x00000000ecc80000,0x00000000ecc80000)
  from space 2560K, 100% used [0x00000000ecc80000,0x00000000ecf00000,0x00000000ecf00000)
  to   space 8192K, 0% used [0x00000000ed900000,0x00000000ed900000,0x00000000ee100000)
 ParOldGen       total 45056K, used 13739K [0x00000000c3600000, 0x00000000c6200000, 0x00000000ebd00000)
  object space 45056K, 30% used [0x00000000c3600000,0x00000000c436aec8,0x00000000c6200000)
 Metaspace       used 31000K, capacity 32710K, committed 32896K, reserved 1077248K
  class space    used 4223K, capacity 4712K, committed 4736K, reserved 1048576K
Event: 15.254 GC heap after
Heap after GC invocations=7 (full 1):
 PSYoungGen      total 25600K, used 4928K [0x00000000ebd00000, 0x00000000edf00000, 0x0000000100000000)
  eden space 19456K, 0% used [0x00000000ebd00000,0x00000000ebd00000,0x00000000ed000000)
  from space 6144K, 80% used [0x00000000ed900000,0x00000000eddd0028,0x00000000edf00000)
  to   space 7680K, 0% used [0x00000000ed000000,0x00000000ed000000,0x00000000ed780000)
 ParOldGen       total 45056K, used 13747K [0x00000000c3600000, 0x00000000c6200000, 0x00000000ebd00000)
  object space 45056K, 30% used [0x00000000c3600000,0x00000000c436cec8,0x00000000c6200000)
 Metaspace       used 31000K, capacity 32710K, committed 32896K, reserved 1077248K
  class space    used 4223K, capacity 4712K, committed 4736K, reserved 1048576K
}

