# JRE version: Java(TM) SE Runtime Environment (8.0_181-b13) (build 1.8.0_181-b13)
# Java VM: Java HotSpot(TM) 64-Bit Server VM (25.181-b13 mixed mode linux-amd64 compressed oops)
Heap:
 PSYoungGen      total 30720K, used 8599K [0x00000000ebd00000, 0x00000000ee600000, 0x0000000100000000)
  eden space 22528K, 6% used [0x00000000ebd00000,0x00000000ebe76480,0x00000000ed300000)
  from space 8192K, 86% used [0x00000000edb80000,0x00000000ee26f908,0x00000000ee380000)
  to   space 8704K, 0% used [0x00000000ed300000,0x00000000ed300000,0x00000000edb80000)
 ParOldGen       total 36352K, used 11118K [0x00000000c3600000, 0x00000000c5980000, 0x00000000ebd00000)
  object space 36352K, 30% used [0x00000000c3600000,0x00000000c40dbad8,0x00000000c5980000)
 Metaspace       used 30728K, capacity 32550K, committed 32816K, reserved 1077248K
  class space    used 4248K, capacity 4785K, committed 4912K, reserved 1048576K
GC Heap History (10 events):
Event: 6.105 GC heap before
{Heap before GC invocations=3 (full 0):
 PSYoungGen      total 18432K, used 17045K [0x00000000ebd00000, 0x00000000ed180000, 0x0000000100000000)
  eden space 15872K, 91% used [0x00000000ebd00000,0x00000000ecb294b0,0x00000000ecc80000)
  from space 2560K, 99% used [0x00000000ecf00000,0x00000000ed17c060,0x00000000ed180000)
  to   space 2560K, 0% used [0x00000000ecc80000,0x00000000ecc80000,0x00000000ecf00000)
 ParOldGen       total 42496K, used 4525K [0x00000000c3600000, 0x00000000c5f80000, 0x00000000ebd00000)
  object space 42496K, 10% used [0x00000000c3600000,0x00000000c3a6b648,0x00000000c5f80000)
 Metaspace       used 20474K, capacity 21130K, committed 21296K, reserved 1067008K
  class space    used 2559K, capacity 2817K, committed 2864K, reserved 1048576K
Event: 6.115 GC heap after
Heap after GC invocations=3 (full 0):
 PSYoungGen      total 18432K, used 2544K [0x00000000ebd00000, 0x00000000ed180000, 0x0000000100000000)
  eden space 15872K, 0% used [0x00000000ebd00000,0x00000000ebd00000,0x00000000ecc80000)
  from space 2560K, 99% used [0x00000000ecc80000,0x00000000ecefc080,0x00000000ecf00000)
  to   space 2560K, 0% used [0x00000000ecf00000,0x00000000ecf00000,0x00000000ed180000)
 ParOldGen       total 42496K, used 7788K [0x00000000c3600000, 0x00000000c5f80000, 0x00000000ebd00000)
  object space 42496K, 18% used [0x00000000c3600000,0x00000000c3d9b3d8,0x00000000c5f80000)
 Metaspace       used 20474K, capacity 21130K, committed 21296K, reserved 1067008K
  class space    used 2559K, capacity 2817K, committed 2864K, reserved 1048576K
}
Event: 6.115 GC heap before
{Heap before GC invocations=4 (full 1):
 PSYoungGen      total 18432K, used 2544K [0x00000000ebd00000, 0x00000000ed180000, 0x0000000100000000)
  eden space 15872K, 0% used [0x00000000ebd00000,0x00000000ebd00000,0x00000000ecc80000)
  from space 2560K, 99% used [0x00000000ecc80000,0x00000000ecefc080,0x00000000ecf00000)
  to   space 2560K, 0% used [0x00000000ecf00000,0x00000000ecf00000,0x00000000ed180000)
 ParOldGen       total 42496K, used 7788K [0x00000000c3600000, 0x00000000c5f80000, 0x00000000ebd00000)
  object space 42496K, 18% used [0x00000000c3600000,0x00000000c3d9b3d8,0x00000000c5f80000)
 Metaspace       used 20474K, capacity 21130K, committed 21296K, reserved 1067008K
  class space    used 2559K, capacity 2817K, committed 2864K, reserved 1048576K
Event: 6.150 GC heap after
Heap after GC invocations=4 (full 1):
 PSYoungGen      total 18432K, used 0K [0x00000000ebd00000, 0x00000000ed180000, 0x0000000100000000)
  eden space 15872K, 0% used [0x00000000ebd00000,0x00000000ebd00000,0x00000000ecc80000)
  from space 2560K, 0% used [0x00000000ecc80000,0x00000000ecc80000,0x00000000ecf00000)
  to   space 2560K, 0% used [0x00000000ecf00000,0x00000000ecf00000,0x00000000ed180000)
 ParOldGen       total 36352K, used 6794K [0x00000000c3600000, 0x00000000c5980000, 0x00000000ebd00000)
  object space 36352K, 18% used [0x00000000c3600000,0x00000000c3ca2900,0x00000000c5980000)
 Metaspace       used 20474K, capacity 21130K, committed 21296K, reserved 1067008K
  class space    used 2559K, capacity 2817K, committed 2864K, reserved 1048576K
}
Event: 6.857 GC heap before
{Heap before GC invocations=5 (full 1):
 PSYoungGen      total 18432K, used 15872K [0x00000000ebd00000, 0x00000000ed180000, 0x0000000100000000)
  eden space 15872K, 100% used [0x00000000ebd00000,0x00000000ecc80000,0x00000000ecc80000)
  from space 2560K, 0% used [0x00000000ecc80000,0x00000000ecc80000,0x00000000ecf00000)
  to   space 2560K, 0% used [0x00000000ecf00000,0x00000000ecf00000,0x00000000ed180000)
 ParOldGen       total 36352K, used 6794K [0x00000000c3600000, 0x00000000c5980000, 0x00000000ebd00000)
  object space 36352K, 18% used [0x00000000c3600000,0x00000000c3ca2900,0x00000000c5980000)
 Metaspace       used 25734K, capacity 26754K, committed 26928K, reserved 1073152K
  class space    used 3517K, capacity 3858K, committed 3888K, reserved 1048576K
Event: 6.863 GC heap after
Heap after GC invocations=5 (full 1):
 PSYoungGen      total 18432K, used 2544K [0x00000000ebd00000, 0x00000000ed980000, 0x0000000100000000)
  eden space 15872K, 0% used [0x00000000ebd00000,0x00000000ebd00000,0x00000000ecc80000)
  from space 2560K, 99% used [0x00000000ecf00000,0x00000000ed17c010,0x00000000ed180000)
  to   space 2560K, 0% used [0x00000000ecc80000,0x00000000ecc80000,0x00000000ecf00000)
 ParOldGen       total 36352K, used 7454K [0x00000000c3600000, 0x00000000c5980000, 0x00000000ebd00000)
  object space 36352K, 20% used [0x00000000c3600000,0x00000000c3d47b20,0x00000000c5980000)
 Metaspace       used 25734K, capacity 26754K, committed 26928K, reserved 1073152K
  class space    used 3517K, capacity 3858K, committed 3888K, reserved 1048576K
}
Event: 12.434 GC heap before
{Heap before GC invocations=6 (full 1):
 PSYoungGen      total 18432K, used 18416K [0x00000000ebd00000, 0x00000000ed980000, 0x0000000100000000)
  eden space 15872K, 100% used [0x00000000ebd00000,0x00000000ecc80000,0x00000000ecc80000)
  from space 2560K, 99% used [0x00000000ecf00000,0x00000000ed17c010,0x00000000ed180000)
  to   space 2560K, 0% used [0x00000000ecc80000,0x00000000ecc80000,0x00000000ecf00000)
 ParOldGen       total 36352K, used 7454K [0x00000000c3600000, 0x00000000c5980000, 0x00000000ebd00000)
  object space 36352K, 20% used [0x00000000c3600000,0x00000000c3d47b20,0x00000000c5980000)
 Metaspace       used 28733K, capacity 29986K, committed 30256K, reserved 1075200K
  class space    used 3936K, capacity 4365K, committed 4400K, reserved 1048576K
Event: 12.441 GC heap after
Heap after GC invocations=6 (full 1):
 PSYoungGen      total 18432K, used 2546K [0x00000000ebd00000, 0x00000000ee380000, 0x0000000100000000)
  eden space 15872K, 0% used [0x00000000ebd00000,0x00000000ebd00000,0x00000000ecc80000)
  from space 2560K, 99% used [0x00000000ecc80000,0x00000000ecefc8e8,0x00000000ecf00000)
  to   space 8192K, 0% used [0x00000000edb80000,0x00000000edb80000,0x00000000ee380000)
 ParOldGen       total 36352K, used 11110K [0x00000000c3600000, 0x00000000c5980000, 0x00000000ebd00000)
  object space 36352K, 30% used [0x00000000c3600000,0x00000000c40d9ad8,0x00000000c5980000)
 Metaspace       used 28733K, capacity 29986K, committed 30256K, reserved 1075200K
  class space    used 3936K, capacity 4365K, committed 4400K, reserved 1048576K
}
Event: 13.186 GC heap before
{Heap before GC invocations=7 (full 1):
 PSYoungGen      total 18432K, used 17764K [0x00000000ebd00000, 0x00000000ee380000, 0x0000000100000000)
  eden space 15872K, 95% used [0x00000000ebd00000,0x00000000ecbdc900,0x00000000ecc80000)
  from space 2560K, 99% used [0x00000000ecc80000,0x00000000ecefc8e8,0x00000000ecf00000)
  to   space 8192K, 0% used [0x00000000edb80000,0x00000000edb80000,0x00000000ee380000)
 ParOldGen       total 36352K, used 11110K [0x00000000c3600000, 0x00000000c5980000, 0x00000000ebd00000)
  object space 36352K, 30% used [0x00000000c3600000,0x00000000c40d9ad8,0x00000000c5980000)
 Metaspace       used 30728K, capacity 32550K, committed 32816K, reserved 1077248K
  class space    used 4248K, capacity 4785K, committed 4912K, reserved 1048576K
Event: 13.196 GC heap after
Heap after GC invocations=7 (full 1):
 PSYoungGen      total 30720K, used 7102K [0x00000000ebd00000, 0x00000000ee600000, 0x0000000100000000)
  eden space 22528K, 0% used [0x00000000ebd00000,0x00000000ebd00000,0x00000000ed300000)
  from space 8192K, 86% used [0x00000000edb80000,0x00000000ee26f908,0x00000000ee380000)
  to   space 8704K, 0% used [0x00000000ed300000,0x00000000ed300000,0x00000000edb80000)
 ParOldGen       total 36352K, used 11118K [0x00000000c3600000, 0x00000000c5980000, 0x00000000ebd00000)
  object space 36352K, 30% used [0x00000000c3600000,0x00000000c40dbad8,0x00000000c5980000)
 Metaspace       used 30728K, capacity 32550K, committed 32816K, reserved 1077248K
  class space    used 4248K, capacity 4785K, committed 4912K, reserved 1048576K
}

