# JRE version: Java(TM) SE Runtime Environment (8.0_181-b13) (build 1.8.0_181-b13)
# Java VM: Java HotSpot(TM) 64-Bit Server VM (25.181-b13 mixed mode linux-amd64 compressed oops)
Heap:
 PSYoungGen      total 23552K, used 8504K [0x00000000ebd00000, 0x00000000ee700000, 0x0000000100000000)
  eden space 15360K, 8% used [0x00000000ebd00000,0x00000000ebe556f0,0x00000000ecc00000)
  from space 8192K, 87% used [0x00000000ed480000,0x00000000edb78910,0x00000000edc80000)
  to   space 8704K, 0% used [0x00000000ecc00000,0x00000000ecc00000,0x00000000ed480000)
 ParOldGen       total 27648K, used 11162K [0x00000000c3600000, 0x00000000c5100000, 0x00000000ebd00000)
  object space 27648K, 40% used [0x00000000c3600000,0x00000000c40e68e8,0x00000000c5100000)
 Metaspace       used 30697K, capacity 32468K, committed 32768K, reserved 1077248K
  class space    used 4243K, capacity 4782K, committed 4864K, reserved 1048576K
GC Heap History (10 events):
Event: 6.896 GC heap before
{Heap before GC invocations=3 (full 0):
 PSYoungGen      total 18432K, used 16980K [0x00000000ebd00000, 0x00000000ed180000, 0x0000000100000000)
  eden space 15872K, 90% used [0x00000000ebd00000,0x00000000ecb19288,0x00000000ecc80000)
  from space 2560K, 99% used [0x00000000ecf00000,0x00000000ed17c060,0x00000000ed180000)
  to   space 2560K, 0% used [0x00000000ecc80000,0x00000000ecc80000,0x00000000ecf00000)
 ParOldGen       total 42496K, used 4531K [0x00000000c3600000, 0x00000000c5f80000, 0x00000000ebd00000)
  object space 42496K, 10% used [0x00000000c3600000,0x00000000c3a6ce60,0x00000000c5f80000)
 Metaspace       used 20462K, capacity 21118K, committed 21248K, reserved 1067008K
  class space    used 2558K, capacity 2815K, committed 2816K, reserved 1048576K
Event: 6.903 GC heap after
Heap after GC invocations=3 (full 0):
 PSYoungGen      total 18432K, used 2528K [0x00000000ebd00000, 0x00000000ed180000, 0x0000000100000000)
  eden space 15872K, 0% used [0x00000000ebd00000,0x00000000ebd00000,0x00000000ecc80000)
  from space 2560K, 98% used [0x00000000ecc80000,0x00000000ecef8070,0x00000000ecf00000)
  to   space 2560K, 0% used [0x00000000ecf00000,0x00000000ecf00000,0x00000000ed180000)
 ParOldGen       total 42496K, used 7749K [0x00000000c3600000, 0x00000000c5f80000, 0x00000000ebd00000)
  object space 42496K, 18% used [0x00000000c3600000,0x00000000c3d91740,0x00000000c5f80000)
 Metaspace       used 20462K, capacity 21118K, committed 21248K, reserved 1067008K
  class space    used 2558K, capacity 2815K, committed 2816K, reserved 1048576K
}
Event: 6.903 GC heap before
{Heap before GC invocations=4 (full 1):
 PSYoungGen      total 18432K, used 2528K [0x00000000ebd00000, 0x00000000ed180000, 0x0000000100000000)
  eden space 15872K, 0% used [0x00000000ebd00000,0x00000000ebd00000,0x00000000ecc80000)
  from space 2560K, 98% used [0x00000000ecc80000,0x00000000ecef8070,0x00000000ecf00000)
  to   space 2560K, 0% used [0x00000000ecf00000,0x00000000ecf00000,0x00000000ed180000)
 ParOldGen       total 42496K, used 7749K [0x00000000c3600000, 0x00000000c5f80000, 0x00000000ebd00000)
  object space 42496K, 18% used [0x00000000c3600000,0x00000000c3d91740,0x00000000c5f80000)
 Metaspace       used 20462K, capacity 21118K, committed 21248K, reserved 1067008K
  class space    used 2558K, capacity 2815K, committed 2816K, reserved 1048576K
Event: 6.933 GC heap after
Heap after GC invocations=4 (full 1):
 PSYoungGen      total 18432K, used 0K [0x00000000ebd00000, 0x00000000ed180000, 0x0000000100000000)
  eden space 15872K, 0% used [0x00000000ebd00000,0x00000000ebd00000,0x00000000ecc80000)
  from space 2560K, 0% used [0x00000000ecc80000,0x00000000ecc80000,0x00000000ecf00000)
  to   space 2560K, 0% used [0x00000000ecf00000,0x00000000ecf00000,0x00000000ed180000)
 ParOldGen       total 27648K, used 6784K [0x00000000c3600000, 0x00000000c5100000, 0x00000000ebd00000)
  object space 27648K, 24% used [0x00000000c3600000,0x00000000c3ca0358,0x00000000c5100000)
 Metaspace       used 20462K, capacity 21118K, committed 21248K, reserved 1067008K
  class space    used 2558K, capacity 2815K, committed 2816K, reserved 1048576K
}
Event: 8.991 GC heap before
{Heap before GC invocations=5 (full 1):
 PSYoungGen      total 18432K, used 15872K [0x00000000ebd00000, 0x00000000ed180000, 0x0000000100000000)
  eden space 15872K, 100% used [0x00000000ebd00000,0x00000000ecc80000,0x00000000ecc80000)
  from space 2560K, 0% used [0x00000000ecc80000,0x00000000ecc80000,0x00000000ecf00000)
  to   space 2560K, 0% used [0x00000000ecf00000,0x00000000ecf00000,0x00000000ed180000)
 ParOldGen       total 27648K, used 6784K [0x00000000c3600000, 0x00000000c5100000, 0x00000000ebd00000)
  object space 27648K, 24% used [0x00000000c3600000,0x00000000c3ca0358,0x00000000c5100000)
 Metaspace       used 25737K, capacity 26742K, committed 27008K, reserved 1073152K
  class space    used 3516K, capacity 3856K, committed 3968K, reserved 1048576K
Event: 8.996 GC heap after
Heap after GC invocations=5 (full 1):
 PSYoungGen      total 18432K, used 2560K [0x00000000ebd00000, 0x00000000ed180000, 0x0000000100000000)
  eden space 15872K, 0% used [0x00000000ebd00000,0x00000000ebd00000,0x00000000ecc80000)
  from space 2560K, 100% used [0x00000000ecf00000,0x00000000ed180000,0x00000000ed180000)
  to   space 2560K, 0% used [0x00000000ecc80000,0x00000000ecc80000,0x00000000ecf00000)
 ParOldGen       total 27648K, used 7434K [0x00000000c3600000, 0x00000000c5100000, 0x00000000ebd00000)
  object space 27648K, 26% used [0x00000000c3600000,0x00000000c3d42b80,0x00000000c5100000)
 Metaspace       used 25737K, capacity 26742K, committed 27008K, reserved 1073152K
  class space    used 3516K, capacity 3856K, committed 3968K, reserved 1048576K
}
Event: 14.552 GC heap before
{Heap before GC invocations=6 (full 1):
 PSYoungGen      total 18432K, used 18432K [0x00000000ebd00000, 0x00000000ed180000, 0x0000000100000000)
  eden space 15872K, 100% used [0x00000000ebd00000,0x00000000ecc80000,0x00000000ecc80000)
  from space 2560K, 100% used [0x00000000ecf00000,0x00000000ed180000,0x00000000ed180000)
  to   space 2560K, 0% used [0x00000000ecc80000,0x00000000ecc80000,0x00000000ecf00000)
 ParOldGen       total 27648K, used 7434K [0x00000000c3600000, 0x00000000c5100000, 0x00000000ebd00000)
  object space 27648K, 26% used [0x00000000c3600000,0x00000000c3d42b80,0x00000000c5100000)
 Metaspace       used 28684K, capacity 29968K, committed 30336K, reserved 1075200K
  class space    used 3932K, capacity 4362K, committed 4480K, reserved 1048576K
Event: 14.559 GC heap after
Heap after GC invocations=6 (full 1):
 PSYoungGen      total 18432K, used 2551K [0x00000000ebd00000, 0x00000000edc80000, 0x0000000100000000)
  eden space 15872K, 0% used [0x00000000ebd00000,0x00000000ebd00000,0x00000000ecc80000)
  from space 2560K, 99% used [0x00000000ecc80000,0x00000000ecefded8,0x00000000ecf00000)
  to   space 8192K, 0% used [0x00000000ed480000,0x00000000ed480000,0x00000000edc80000)
 ParOldGen       total 27648K, used 11154K [0x00000000c3600000, 0x00000000c5100000, 0x00000000ebd00000)
  object space 27648K, 40% used [0x00000000c3600000,0x00000000c40e48e8,0x00000000c5100000)
 Metaspace       used 28684K, capacity 29968K, committed 30336K, reserved 1075200K
  class space    used 3932K, capacity 4362K, committed 4480K, reserved 1048576K
}
Event: 15.383 GC heap before
{Heap before GC invocations=7 (full 1):
 PSYoungGen      total 18432K, used 17598K [0x00000000ebd00000, 0x00000000edc80000, 0x0000000100000000)
  eden space 15872K, 94% used [0x00000000ebd00000,0x00000000ecbb1a00,0x00000000ecc80000)
  from space 2560K, 99% used [0x00000000ecc80000,0x00000000ecefded8,0x00000000ecf00000)
  to   space 8192K, 0% used [0x00000000ed480000,0x00000000ed480000,0x00000000edc80000)
 ParOldGen       total 27648K, used 11154K [0x00000000c3600000, 0x00000000c5100000, 0x00000000ebd00000)
  object space 27648K, 40% used [0x00000000c3600000,0x00000000c40e48e8,0x00000000c5100000)
 Metaspace       used 30697K, capacity 32468K, committed 32768K, reserved 1077248K
  class space    used 4243K, capacity 4782K, committed 4864K, reserved 1048576K
Event: 15.398 GC heap after
Heap after GC invocations=7 (full 1):
 PSYoungGen      total 23552K, used 7138K [0x00000000ebd00000, 0x00000000ee700000, 0x0000000100000000)
  eden space 15360K, 0% used [0x00000000ebd00000,0x00000000ebd00000,0x00000000ecc00000)
  from space 8192K, 87% used [0x00000000ed480000,0x00000000edb78910,0x00000000edc80000)
  to   space 8704K, 0% used [0x00000000ecc00000,0x00000000ecc00000,0x00000000ed480000)
 ParOldGen       total 27648K, used 11162K [0x00000000c3600000, 0x00000000c5100000, 0x00000000ebd00000)
  object space 27648K, 40% used [0x00000000c3600000,0x00000000c40e68e8,0x00000000c5100000)
 Metaspace       used 30697K, capacity 32468K, committed 32768K, reserved 1077248K
  class space    used 4243K, capacity 4782K, committed 4864K, reserved 1048576K
}

