# JRE version: Java(TM) SE Runtime Environment (8.0_181-b13) (build 1.8.0_181-b13)
# Java VM: Java HotSpot(TM) 64-Bit Server VM (25.181-b13 mixed mode linux-amd64 compressed oops)
Heap:
 PSYoungGen      total 28672K, used 11395K [0x00000000ebd00000, 0x00000000ef080000, 0x0000000100000000)
  eden space 20480K, 15% used [0x00000000ebd00000,0x00000000ec0283d0,0x00000000ed100000)
  from space 8192K, 99% used [0x00000000ed100000,0x00000000ed8f88e8,0x00000000ed900000)
  to   space 11264K, 0% used [0x00000000ee580000,0x00000000ee580000,0x00000000ef080000)
 ParOldGen       total 38400K, used 14506K [0x00000000c3600000, 0x00000000c5b80000, 0x00000000ebd00000)
  object space 38400K, 37% used [0x00000000c3600000,0x00000000c442aa60,0x00000000c5b80000)
 Metaspace       used 32107K, capacity 34006K, committed 34176K, reserved 1079296K
  class space    used 4352K, capacity 4891K, committed 4992K, reserved 1048576K
GC Heap History (10 events):
Event: 5.527 GC heap before
{Heap before GC invocations=4 (full 1):
 PSYoungGen      total 18432K, used 2528K [0x00000000ebd00000, 0x00000000ed180000, 0x0000000100000000)
  eden space 15872K, 0% used [0x00000000ebd00000,0x00000000ebd00000,0x00000000ecc80000)
  from space 2560K, 98% used [0x00000000ecc80000,0x00000000ecef8050,0x00000000ecf00000)
  to   space 2560K, 0% used [0x00000000ecf00000,0x00000000ecf00000,0x00000000ed180000)
 ParOldGen       total 42496K, used 7748K [0x00000000c3600000, 0x00000000c5f80000, 0x00000000ebd00000)
  object space 42496K, 18% used [0x00000000c3600000,0x00000000c3d91280,0x00000000c5f80000)
 Metaspace       used 20462K, capacity 21118K, committed 21248K, reserved 1067008K
  class space    used 2555K, capacity 2815K, committed 2816K, reserved 1048576K
Event: 5.568 GC heap after
Heap after GC invocations=4 (full 1):
 PSYoungGen      total 18432K, used 0K [0x00000000ebd00000, 0x00000000ed180000, 0x0000000100000000)
  eden space 15872K, 0% used [0x00000000ebd00000,0x00000000ebd00000,0x00000000ecc80000)
  from space 2560K, 0% used [0x00000000ecc80000,0x00000000ecc80000,0x00000000ecf00000)
  to   space 2560K, 0% used [0x00000000ecf00000,0x00000000ecf00000,0x00000000ed180000)
 ParOldGen       total 38400K, used 6800K [0x00000000c3600000, 0x00000000c5b80000, 0x00000000ebd00000)
  object space 38400K, 17% used [0x00000000c3600000,0x00000000c3ca4278,0x00000000c5b80000)
 Metaspace       used 20462K, capacity 21118K, committed 21248K, reserved 1067008K
  class space    used 2555K, capacity 2815K, committed 2816K, reserved 1048576K
}
Event: 6.689 GC heap before
{Heap before GC invocations=5 (full 1):
 PSYoungGen      total 18432K, used 15872K [0x00000000ebd00000, 0x00000000ed180000, 0x0000000100000000)
  eden space 15872K, 100% used [0x00000000ebd00000,0x00000000ecc80000,0x00000000ecc80000)
  from space 2560K, 0% used [0x00000000ecc80000,0x00000000ecc80000,0x00000000ecf00000)
  to   space 2560K, 0% used [0x00000000ecf00000,0x00000000ecf00000,0x00000000ed180000)
 ParOldGen       total 38400K, used 6800K [0x00000000c3600000, 0x00000000c5b80000, 0x00000000ebd00000)
  object space 38400K, 17% used [0x00000000c3600000,0x00000000c3ca4278,0x00000000c5b80000)
 Metaspace       used 25727K, capacity 26742K, committed 27008K, reserved 1073152K
  class space    used 3516K, capacity 3856K, committed 3968K, reserved 1048576K
Event: 6.694 GC heap after
Heap after GC invocations=5 (full 1):
 PSYoungGen      total 18432K, used 2544K [0x00000000ebd00000, 0x00000000ed700000, 0x0000000100000000)
  eden space 15872K, 0% used [0x00000000ebd00000,0x00000000ebd00000,0x00000000ecc80000)
  from space 2560K, 99% used [0x00000000ecf00000,0x00000000ed17c010,0x00000000ed180000)
  to   space 2560K, 0% used [0x00000000ecc80000,0x00000000ecc80000,0x00000000ecf00000)
 ParOldGen       total 38400K, used 7471K [0x00000000c3600000, 0x00000000c5b80000, 0x00000000ebd00000)
  object space 38400K, 19% used [0x00000000c3600000,0x00000000c3d4bca8,0x00000000c5b80000)
 Metaspace       used 25727K, capacity 26742K, committed 27008K, reserved 1073152K
  class space    used 3516K, capacity 3856K, committed 3968K, reserved 1048576K
}
Event: 13.157 GC heap before
{Heap before GC invocations=6 (full 1):
 PSYoungGen      total 18432K, used 18416K [0x00000000ebd00000, 0x00000000ed700000, 0x0000000100000000)
  eden space 15872K, 100% used [0x00000000ebd00000,0x00000000ecc80000,0x00000000ecc80000)
  from space 2560K, 99% used [0x00000000ecf00000,0x00000000ed17c010,0x00000000ed180000)
  to   space 2560K, 0% used [0x00000000ecc80000,0x00000000ecc80000,0x00000000ecf00000)
 ParOldGen       total 38400K, used 7471K [0x00000000c3600000, 0x00000000c5b80000, 0x00000000ebd00000)
  object space 38400K, 19% used [0x00000000c3600000,0x00000000c3d4bca8,0x00000000c5b80000)
 Metaspace       used 28683K, capacity 29802K, committed 29952K, reserved 1075200K
  class space    used 3869K, capacity 4283K, committed 4352K, reserved 1048576K
Event: 13.164 GC heap after
Heap after GC invocations=6 (full 1):
 PSYoungGen      total 18432K, used 2546K [0x00000000ebd00000, 0x00000000ee100000, 0x0000000100000000)
  eden space 15872K, 0% used [0x00000000ebd00000,0x00000000ebd00000,0x00000000ecc80000)
  from space 2560K, 99% used [0x00000000ecc80000,0x00000000ecefc8e8,0x00000000ecf00000)
  to   space 8192K, 0% used [0x00000000ed900000,0x00000000ed900000,0x00000000ee100000)
 ParOldGen       total 38400K, used 11200K [0x00000000c3600000, 0x00000000c5b80000, 0x00000000ebd00000)
  object space 38400K, 29% used [0x00000000c3600000,0x00000000c40f0038,0x00000000c5b80000)
 Metaspace       used 28683K, capacity 29802K, committed 29952K, reserved 1075200K
  class space    used 3869K, capacity 4283K, committed 4352K, reserved 1048576K
}
Event: 13.953 GC heap before
{Heap before GC invocations=7 (full 1):
 PSYoungGen      total 18432K, used 18418K [0x00000000ebd00000, 0x00000000ee100000, 0x0000000100000000)
  eden space 15872K, 100% used [0x00000000ebd00000,0x00000000ecc80000,0x00000000ecc80000)
  from space 2560K, 99% used [0x00000000ecc80000,0x00000000ecefc8e8,0x00000000ecf00000)
  to   space 8192K, 0% used [0x00000000ed900000,0x00000000ed900000,0x00000000ee100000)
 ParOldGen       total 38400K, used 11200K [0x00000000c3600000, 0x00000000c5b80000, 0x00000000ebd00000)
  object space 38400K, 29% used [0x00000000c3600000,0x00000000c40f0038,0x00000000c5b80000)
 Metaspace       used 31176K, capacity 32992K, committed 33280K, reserved 1077248K
  class space    used 4279K, capacity 4826K, committed 4864K, reserved 1048576K
Event: 13.971 GC heap after
Heap after GC invocations=7 (full 1):
 PSYoungGen      total 28672K, used 6200K [0x00000000ebd00000, 0x00000000ee480000, 0x0000000100000000)
  eden space 20480K, 0% used [0x00000000ebd00000,0x00000000ebd00000,0x00000000ed100000)
  from space 8192K, 75% used [0x00000000ed900000,0x00000000edf0e2f0,0x00000000ee100000)
  to   space 8192K, 0% used [0x00000000ed100000,0x00000000ed100000,0x00000000ed900000)
 ParOldGen       total 38400K, used 11208K [0x00000000c3600000, 0x00000000c5b80000, 0x00000000ebd00000)
  object space 38400K, 29% used [0x00000000c3600000,0x00000000c40f2038,0x00000000c5b80000)
 Metaspace       used 31176K, capacity 32992K, committed 33280K, reserved 1077248K
  class space    used 4279K, capacity 4826K, committed 4864K, reserved 1048576K
}
Event: 23.856 GC heap before
{Heap before GC invocations=8 (full 1):
 PSYoungGen      total 28672K, used 26680K [0x00000000ebd00000, 0x00000000ee480000, 0x0000000100000000)
  eden space 20480K, 100% used [0x00000000ebd00000,0x00000000ed100000,0x00000000ed100000)
  from space 8192K, 75% used [0x00000000ed900000,0x00000000edf0e2f0,0x00000000ee100000)
  to   space 8192K, 0% used [0x00000000ed100000,0x00000000ed100000,0x00000000ed900000)
 ParOldGen       total 38400K, used 11208K [0x00000000c3600000, 0x00000000c5b80000, 0x00000000ebd00000)
  object space 38400K, 29% used [0x00000000c3600000,0x00000000c40f2038,0x00000000c5b80000)
 Metaspace       used 32074K, capacity 34006K, committed 34176K, reserved 1079296K
  class space    used 4352K, capacity 4891K, committed 4992K, reserved 1048576K
Event: 23.879 GC heap after
Heap after GC invocations=8 (full 1):
 PSYoungGen      total 28672K, used 8162K [0x00000000ebd00000, 0x00000000ef080000, 0x0000000100000000)
  eden space 20480K, 0% used [0x00000000ebd00000,0x00000000ebd00000,0x00000000ed100000)
  from space 8192K, 99% used [0x00000000ed100000,0x00000000ed8f88e8,0x00000000ed900000)
  to   space 11264K, 0% used [0x00000000ee580000,0x00000000ee580000,0x00000000ef080000)
 ParOldGen       total 38400K, used 14506K [0x00000000c3600000, 0x00000000c5b80000, 0x00000000ebd00000)
  object space 38400K, 37% used [0x00000000c3600000,0x00000000c442aa60,0x00000000c5b80000)
 Metaspace       used 32074K, capacity 34006K, committed 34176K, reserved 1079296K
  class space    used 4352K, capacity 4891K, committed 4992K, reserved 1048576K
}

