# JRE version: Java(TM) SE Runtime Environment (8.0_181-b13) (build 1.8.0_181-b13)
# Java VM: Java HotSpot(TM) 64-Bit Server VM (25.181-b13 mixed mode linux-amd64 compressed oops)
Heap:
 PSYoungGen      total 28672K, used 8518K [0x00000000ebd00000, 0x00000000ee400000, 0x0000000100000000)
  eden space 20480K, 11% used [0x00000000ebd00000,0x00000000ebf5cfe8,0x00000000ed100000)
  from space 8192K, 74% used [0x00000000ed900000,0x00000000edef48e8,0x00000000ee100000)
  to   space 8192K, 0% used [0x00000000ed100000,0x00000000ed100000,0x00000000ed900000)
 ParOldGen       total 38400K, used 11362K [0x00000000c3600000, 0x00000000c5b80000, 0x00000000ebd00000)
  object space 38400K, 29% used [0x00000000c3600000,0x00000000c41189b0,0x00000000c5b80000)
 Metaspace       used 31193K, capacity 33030K, committed 33280K, reserved 1077248K
  class space    used 4259K, capacity 4818K, committed 4864K, reserved 1048576K
GC Heap History (10 events):
Event: 3.138 GC heap before
{Heap before GC invocations=3 (full 0):
 PSYoungGen      total 18432K, used 16984K [0x00000000ebd00000, 0x00000000ed180000, 0x0000000100000000)
  eden space 15872K, 91% used [0x00000000ebd00000,0x00000000ecb1e0e8,0x00000000ecc80000)
  from space 2560K, 98% used [0x00000000ecf00000,0x00000000ed1780f0,0x00000000ed180000)
  to   space 2560K, 0% used [0x00000000ecc80000,0x00000000ecc80000,0x00000000ecf00000)
 ParOldGen       total 42496K, used 4495K [0x00000000c3600000, 0x00000000c5f80000, 0x00000000ebd00000)
  object space 42496K, 10% used [0x00000000c3600000,0x00000000c3a63ec0,0x00000000c5f80000)
 Metaspace       used 20463K, capacity 21118K, committed 21248K, reserved 1067008K
  class space    used 2556K, capacity 2815K, committed 2816K, reserved 1048576K
Event: 3.144 GC heap after
Heap after GC invocations=3 (full 0):
 PSYoungGen      total 18432K, used 2528K [0x00000000ebd00000, 0x00000000ed180000, 0x0000000100000000)
  eden space 15872K, 0% used [0x00000000ebd00000,0x00000000ebd00000,0x00000000ecc80000)
  from space 2560K, 98% used [0x00000000ecc80000,0x00000000ecef8050,0x00000000ecf00000)
  to   space 2560K, 0% used [0x00000000ecf00000,0x00000000ecf00000,0x00000000ed180000)
 ParOldGen       total 42496K, used 7727K [0x00000000c3600000, 0x00000000c5f80000, 0x00000000ebd00000)
  object space 42496K, 18% used [0x00000000c3600000,0x00000000c3d8bd18,0x00000000c5f80000)
 Metaspace       used 20463K, capacity 21118K, committed 21248K, reserved 1067008K
  class space    used 2556K, capacity 2815K, committed 2816K, reserved 1048576K
}
Event: 3.144 GC heap before
{Heap before GC invocations=4 (full 1):
 PSYoungGen      total 18432K, used 2528K [0x00000000ebd00000, 0x00000000ed180000, 0x0000000100000000)
  eden space 15872K, 0% used [0x00000000ebd00000,0x00000000ebd00000,0x00000000ecc80000)
  from space 2560K, 98% used [0x00000000ecc80000,0x00000000ecef8050,0x00000000ecf00000)
  to   space 2560K, 0% used [0x00000000ecf00000,0x00000000ecf00000,0x00000000ed180000)
 ParOldGen       total 42496K, used 7727K [0x00000000c3600000, 0x00000000c5f80000, 0x00000000ebd00000)
  object space 42496K, 18% used [0x00000000c3600000,0x00000000c3d8bd18,0x00000000c5f80000)
 Metaspace       used 20463K, capacity 21118K, committed 21248K, reserved 1067008K
  class space    used 2556K, capacity 2815K, committed 2816K, reserved 1048576K
Event: 3.176 GC heap after
Heap after GC invocations=4 (full 1):
 PSYoungGen      total 18432K, used 0K [0x00000000ebd00000, 0x00000000ed180000, 0x0000000100000000)
  eden space 15872K, 0% used [0x00000000ebd00000,0x00000000ebd00000,0x00000000ecc80000)
  from space 2560K, 0% used [0x00000000ecc80000,0x00000000ecc80000,0x00000000ecf00000)
  to   space 2560K, 0% used [0x00000000ecf00000,0x00000000ecf00000,0x00000000ed180000)
 ParOldGen       total 38400K, used 6779K [0x00000000c3600000, 0x00000000c5b80000, 0x00000000ebd00000)
  object space 38400K, 17% used [0x00000000c3600000,0x00000000c3c9ed58,0x00000000c5b80000)
 Metaspace       used 20463K, capacity 21118K, committed 21248K, reserved 1067008K
  class space    used 2556K, capacity 2815K, committed 2816K, reserved 1048576K
}
Event: 4.277 GC heap before
{Heap before GC invocations=5 (full 1):
 PSYoungGen      total 18432K, used 15872K [0x00000000ebd00000, 0x00000000ed180000, 0x0000000100000000)
  eden space 15872K, 100% used [0x00000000ebd00000,0x00000000ecc80000,0x00000000ecc80000)
  from space 2560K, 0% used [0x00000000ecc80000,0x00000000ecc80000,0x00000000ecf00000)
  to   space 2560K, 0% used [0x00000000ecf00000,0x00000000ecf00000,0x00000000ed180000)
 ParOldGen       total 38400K, used 6779K [0x00000000c3600000, 0x00000000c5b80000, 0x00000000ebd00000)
  object space 38400K, 17% used [0x00000000c3600000,0x00000000c3c9ed58,0x00000000c5b80000)
 Metaspace       used 25724K, capacity 26738K, committed 27008K, reserved 1073152K
  class space    used 3511K, capacity 3856K, committed 3968K, reserved 1048576K
Event: 4.282 GC heap after
Heap after GC invocations=5 (full 1):
 PSYoungGen      total 18432K, used 2560K [0x00000000ebd00000, 0x00000000ed700000, 0x0000000100000000)
  eden space 15872K, 0% used [0x00000000ebd00000,0x00000000ebd00000,0x00000000ecc80000)
  from space 2560K, 100% used [0x00000000ecf00000,0x00000000ed180000,0x00000000ed180000)
  to   space 2560K, 0% used [0x00000000ecc80000,0x00000000ecc80000,0x00000000ecf00000)
 ParOldGen       total 38400K, used 7447K [0x00000000c3600000, 0x00000000c5b80000, 0x00000000ebd00000)
  object space 38400K, 19% used [0x00000000c3600000,0x00000000c3d45ff0,0x00000000c5b80000)
 Metaspace       used 25724K, capacity 26738K, committed 27008K, reserved 1073152K
  class space    used 3511K, capacity 3856K, committed 3968K, reserved 1048576K
}
Event: 19.095 GC heap before
{Heap before GC invocations=6 (full 1):
 PSYoungGen      total 18432K, used 18432K [0x00000000ebd00000, 0x00000000ed700000, 0x0000000100000000)
  eden space 15872K, 100% used [0x00000000ebd00000,0x00000000ecc80000,0x00000000ecc80000)
  from space 2560K, 100% used [0x00000000ecf00000,0x00000000ed180000,0x00000000ed180000)
  to   space 2560K, 0% used [0x00000000ecc80000,0x00000000ecc80000,0x00000000ecf00000)
 ParOldGen       total 38400K, used 7447K [0x00000000c3600000, 0x00000000c5b80000, 0x00000000ebd00000)
  object space 38400K, 19% used [0x00000000c3600000,0x00000000c3d45ff0,0x00000000c5b80000)
 Metaspace       used 28694K, capacity 29840K, committed 29952K, reserved 1075200K
  class space    used 3851K, capacity 4275K, committed 4352K, reserved 1048576K
Event: 19.102 GC heap after
Heap after GC invocations=6 (full 1):
 PSYoungGen      total 18432K, used 2551K [0x00000000ebd00000, 0x00000000ee100000, 0x0000000100000000)
  eden space 15872K, 0% used [0x00000000ebd00000,0x00000000ebd00000,0x00000000ecc80000)
  from space 2560K, 99% used [0x00000000ecc80000,0x00000000ecefdec0,0x00000000ecf00000)
  to   space 8192K, 0% used [0x00000000ed900000,0x00000000ed900000,0x00000000ee100000)
 ParOldGen       total 38400K, used 11354K [0x00000000c3600000, 0x00000000c5b80000, 0x00000000ebd00000)
  object space 38400K, 29% used [0x00000000c3600000,0x00000000c41169b0,0x00000000c5b80000)
 Metaspace       used 28694K, capacity 29840K, committed 29952K, reserved 1075200K
  class space    used 3851K, capacity 4275K, committed 4352K, reserved 1048576K
}
Event: 19.713 GC heap before
{Heap before GC invocations=7 (full 1):
 PSYoungGen      total 18432K, used 18423K [0x00000000ebd00000, 0x00000000ee100000, 0x0000000100000000)
  eden space 15872K, 100% used [0x00000000ebd00000,0x00000000ecc80000,0x00000000ecc80000)
  from space 2560K, 99% used [0x00000000ecc80000,0x00000000ecefdec0,0x00000000ecf00000)
  to   space 8192K, 0% used [0x00000000ed900000,0x00000000ed900000,0x00000000ee100000)
 ParOldGen       total 38400K, used 11354K [0x00000000c3600000, 0x00000000c5b80000, 0x00000000ebd00000)
  object space 38400K, 29% used [0x00000000c3600000,0x00000000c41169b0,0x00000000c5b80000)
 Metaspace       used 31187K, capacity 33030K, committed 33280K, reserved 1077248K
  class space    used 4259K, capacity 4818K, committed 4864K, reserved 1048576K
Event: 19.727 GC heap after
Heap after GC invocations=7 (full 1):
 PSYoungGen      total 28672K, used 6098K [0x00000000ebd00000, 0x00000000ee400000, 0x0000000100000000)
  eden space 20480K, 0% used [0x00000000ebd00000,0x00000000ebd00000,0x00000000ed100000)
  from space 8192K, 74% used [0x00000000ed900000,0x00000000edef48e8,0x00000000ee100000)
  to   space 8192K, 0% used [0x00000000ed100000,0x00000000ed100000,0x00000000ed900000)
 ParOldGen       total 38400K, used 11362K [0x00000000c3600000, 0x00000000c5b80000, 0x00000000ebd00000)
  object space 38400K, 29% used [0x00000000c3600000,0x00000000c41189b0,0x00000000c5b80000)
 Metaspace       used 31187K, capacity 33030K, committed 33280K, reserved 1077248K
  class space    used 4259K, capacity 4818K, committed 4864K, reserved 1048576K
}

