# JRE version: Java(TM) SE Runtime Environment (8.0_181-b13) (build 1.8.0_181-b13)
# Java VM: Java HotSpot(TM) 64-Bit Server VM (25.181-b13 mixed mode linux-amd64 compressed oops)
Heap:
 PSYoungGen      total 26112K, used 9797K [0x00000000ebd00000, 0x00000000ee100000, 0x0000000100000000)
  eden space 23552K, 30% used [0x00000000ebd00000,0x00000000ec419720,0x00000000ed400000)
  from space 2560K, 98% used [0x00000000ede80000,0x00000000ee0f8028,0x00000000ee100000)
  to   space 2560K, 0% used [0x00000000edc00000,0x00000000edc00000,0x00000000ede80000)
 ParOldGen       total 35840K, used 9393K [0x00000000c3600000, 0x00000000c5900000, 0x00000000ebd00000)
  object space 35840K, 26% used [0x00000000c3600000,0x00000000c3f2c6a8,0x00000000c5900000)
 Metaspace       used 26866K, capacity 27880K, committed 28032K, reserved 1073152K
  class space    used 3646K, capacity 3934K, committed 3968K, reserved 1048576K
GC Heap History (10 events):
Event: 0.783 GC heap before
{Heap before GC invocations=1 (full 0):
 PSYoungGen      total 18432K, used 15872K [0x00000000ebd00000, 0x00000000ed180000, 0x0000000100000000)
  eden space 15872K, 100% used [0x00000000ebd00000,0x00000000ecc80000,0x00000000ecc80000)
  from space 2560K, 0% used [0x00000000ecf00000,0x00000000ecf00000,0x00000000ed180000)
  to   space 2560K, 0% used [0x00000000ecc80000,0x00000000ecc80000,0x00000000ecf00000)
 ParOldGen       total 42496K, used 0K [0x00000000c3600000, 0x00000000c5f80000, 0x00000000ebd00000)
  object space 42496K, 0% used [0x00000000c3600000,0x00000000c3600000,0x00000000c5f80000)
 Metaspace       used 9798K, capacity 10186K, committed 10368K, reserved 1058816K
  class space    used 1190K, capacity 1303K, committed 1408K, reserved 1048576K
Event: 0.787 GC heap after
Heap after GC invocations=1 (full 0):
 PSYoungGen      total 18432K, used 2531K [0x00000000ebd00000, 0x00000000ed180000, 0x0000000100000000)
  eden space 15872K, 0% used [0x00000000ebd00000,0x00000000ebd00000,0x00000000ecc80000)
  from space 2560K, 98% used [0x00000000ecc80000,0x00000000ecef8f38,0x00000000ecf00000)
  to   space 2560K, 0% used [0x00000000ecf00000,0x00000000ecf00000,0x00000000ed180000)
 ParOldGen       total 42496K, used 167K [0x00000000c3600000, 0x00000000c5f80000, 0x00000000ebd00000)
  object space 42496K, 0% used [0x00000000c3600000,0x00000000c3629c20,0x00000000c5f80000)
 Metaspace       used 9798K, capacity 10186K, committed 10368K, reserved 1058816K
  class space    used 1190K, capacity 1303K, committed 1408K, reserved 1048576K
}
Event: 1.303 GC heap before
{Heap before GC invocations=2 (full 0):
 PSYoungGen      total 18432K, used 18403K [0x00000000ebd00000, 0x00000000ed180000, 0x0000000100000000)
  eden space 15872K, 100% used [0x00000000ebd00000,0x00000000ecc80000,0x00000000ecc80000)
  from space 2560K, 98% used [0x00000000ecc80000,0x00000000ecef8f38,0x00000000ecf00000)
  to   space 2560K, 0% used [0x00000000ecf00000,0x00000000ecf00000,0x00000000ed180000)
 ParOldGen       total 42496K, used 167K [0x00000000c3600000, 0x00000000c5f80000, 0x00000000ebd00000)
  object space 42496K, 0% used [0x00000000c3600000,0x00000000c3629c20,0x00000000c5f80000)
 Metaspace       used 16329K, capacity 16708K, committed 17152K, reserved 1064960K
  class space    used 2086K, capacity 2198K, committed 2304K, reserved 1048576K
Event: 1.322 GC heap after
Heap after GC invocations=2 (full 0):
 PSYoungGen      total 18432K, used 2544K [0x00000000ebd00000, 0x00000000ee100000, 0x0000000100000000)
  eden space 15872K, 0% used [0x00000000ebd00000,0x00000000ebd00000,0x00000000ecc80000)
  from space 2560K, 99% used [0x00000000ecf00000,0x00000000ed17c040,0x00000000ed180000)
  to   space 2560K, 0% used [0x00000000ecc80000,0x00000000ecc80000,0x00000000ecf00000)
 ParOldGen       total 42496K, used 3964K [0x00000000c3600000, 0x00000000c5f80000, 0x00000000ebd00000)
  object space 42496K, 9% used [0x00000000c3600000,0x00000000c39df148,0x00000000c5f80000)
 Metaspace       used 16329K, capacity 16708K, committed 17152K, reserved 1064960K
  class space    used 2086K, capacity 2198K, committed 2304K, reserved 1048576K
}
Event: 1.674 GC heap before
{Heap before GC invocations=3 (full 0):
 PSYoungGen      total 18432K, used 14594K [0x00000000ebd00000, 0x00000000ee100000, 0x0000000100000000)
  eden space 15872K, 75% used [0x00000000ebd00000,0x00000000ec8c48d0,0x00000000ecc80000)
  from space 2560K, 99% used [0x00000000ecf00000,0x00000000ed17c040,0x00000000ed180000)
  to   space 2560K, 0% used [0x00000000ecc80000,0x00000000ecc80000,0x00000000ecf00000)
 ParOldGen       total 42496K, used 3964K [0x00000000c3600000, 0x00000000c5f80000, 0x00000000ebd00000)
  object space 42496K, 9% used [0x00000000c3600000,0x00000000c39df148,0x00000000c5f80000)
 Metaspace       used 20596K, capacity 21204K, committed 21248K, reserved 1067008K
  class space    used 2873K, capacity 3030K, committed 3072K, reserved 1048576K
Event: 1.680 GC heap after
Heap after GC invocations=3 (full 0):
 PSYoungGen      total 18432K, used 2528K [0x00000000ebd00000, 0x00000000ee100000, 0x0000000100000000)
  eden space 15872K, 0% used [0x00000000ebd00000,0x00000000ebd00000,0x00000000ecc80000)
  from space 2560K, 98% used [0x00000000ecc80000,0x00000000ecef8060,0x00000000ecf00000)
  to   space 2560K, 0% used [0x00000000ede80000,0x00000000ede80000,0x00000000ee100000)
 ParOldGen       total 42496K, used 6184K [0x00000000c3600000, 0x00000000c5f80000, 0x00000000ebd00000)
  object space 42496K, 14% used [0x00000000c3600000,0x00000000c3c0a0b8,0x00000000c5f80000)
 Metaspace       used 20596K, capacity 21204K, committed 21248K, reserved 1067008K
  class space    used 2873K, capacity 3030K, committed 3072K, reserved 1048576K
}
Event: 1.680 GC heap before
{Heap before GC invocations=4 (full 1):
 PSYoungGen      total 18432K, used 2528K [0x00000000ebd00000, 0x00000000ee100000, 0x0000000100000000)
  eden space 15872K, 0% used [0x00000000ebd00000,0x00000000ebd00000,0x00000000ecc80000)
  from space 2560K, 98% used [0x00000000ecc80000,0x00000000ecef8060,0x00000000ecf00000)
  to   space 2560K, 0% used [0x00000000ede80000,0x00000000ede80000,0x00000000ee100000)
 ParOldGen       total 42496K, used 6184K [0x00000000c3600000, 0x00000000c5f80000, 0x00000000ebd00000)
  object space 42496K, 14% used [0x00000000c3600000,0x00000000c3c0a0b8,0x00000000c5f80000)
 Metaspace       used 20596K, capacity 21204K, committed 21248K, reserved 1067008K
  class space    used 2873K, capacity 3030K, committed 3072K, reserved 1048576K
Event: 1.713 GC heap after
Heap after GC invocations=4 (full 1):
 PSYoungGen      total 18432K, used 0K [0x00000000ebd00000, 0x00000000ee100000, 0x0000000100000000)
  eden space 15872K, 0% used [0x00000000ebd00000,0x00000000ebd00000,0x00000000ecc80000)
  from space 2560K, 0% used [0x00000000ecc80000,0x00000000ecc80000,0x00000000ecf00000)
  to   space 2560K, 0% used [0x00000000ede80000,0x00000000ede80000,0x00000000ee100000)
 ParOldGen       total 35840K, used 7376K [0x00000000c3600000, 0x00000000c5900000, 0x00000000ebd00000)
  object space 35840K, 20% used [0x00000000c3600000,0x00000000c3d34020,0x00000000c5900000)
 Metaspace       used 20596K, capacity 21204K, committed 21248K, reserved 1067008K
  class space    used 2873K, capacity 3030K, committed 3072K, reserved 1048576K
}
Event: 2.268 GC heap before
{Heap before GC invocations=5 (full 1):
 PSYoungGen      total 18432K, used 15872K [0x00000000ebd00000, 0x00000000ee100000, 0x0000000100000000)
  eden space 15872K, 100% used [0x00000000ebd00000,0x00000000ecc80000,0x00000000ecc80000)
  from space 2560K, 0% used [0x00000000ecc80000,0x00000000ecc80000,0x00000000ecf00000)
  to   space 2560K, 0% used [0x00000000ede80000,0x00000000ede80000,0x00000000ee100000)
 ParOldGen       total 35840K, used 7376K [0x00000000c3600000, 0x00000000c5900000, 0x00000000ebd00000)
  object space 35840K, 20% used [0x00000000c3600000,0x00000000c3d34020,0x00000000c5900000)
 Metaspace       used 25037K, capacity 25862K, committed 25984K, reserved 1071104K
  class space    used 3425K, capacity 3662K, committed 3712K, reserved 1048576K
Event: 2.274 GC heap after
Heap after GC invocations=5 (full 1):
 PSYoungGen      total 26112K, used 2528K [0x00000000ebd00000, 0x00000000ee100000, 0x0000000100000000)
  eden space 23552K, 0% used [0x00000000ebd00000,0x00000000ebd00000,0x00000000ed400000)
  from space 2560K, 98% used [0x00000000ede80000,0x00000000ee0f8028,0x00000000ee100000)
  to   space 2560K, 0% used [0x00000000edc00000,0x00000000edc00000,0x00000000ede80000)
 ParOldGen       total 35840K, used 9393K [0x00000000c3600000, 0x00000000c5900000, 0x00000000ebd00000)
  object space 35840K, 26% used [0x00000000c3600000,0x00000000c3f2c6a8,0x00000000c5900000)
 Metaspace       used 25037K, capacity 25862K, committed 25984K, reserved 1071104K
  class space    used 3425K, capacity 3662K, committed 3712K, reserved 1048576K
}

